d:\a\sourcecode\aurora\selenasoft\nmap-7.70\libpcap\build\pcapcent.dir\debug\vc141.pdb
d:\a\sourcecode\aurora\selenasoft\nmap-7.70\libpcap\build\pcapcent.dir\debug\scanner.obj
d:\a\sourcecode\aurora\selenasoft\nmap-7.70\libpcap\build\pcapcent.dir\debug\grammar.obj
d:\a\sourcecode\aurora\selenasoft\nmap-7.70\libpcap\build\pcapcent.dir\debug\pcap-null.obj
d:\a\sourcecode\aurora\selenasoft\nmap-7.70\libpcap\build\pcapcent.dir\debug\win_snprintf.obj
d:\a\sourcecode\aurora\selenasoft\nmap-7.70\libpcap\build\pcapcent.dir\debug\sf-pcap.obj
d:\a\sourcecode\aurora\selenasoft\nmap-7.70\libpcap\build\pcapcent.dir\debug\sf-pcapng.obj
d:\a\sourcecode\aurora\selenasoft\nmap-7.70\libpcap\build\pcapcent.dir\debug\savefile.obj
d:\a\sourcecode\aurora\selenasoft\nmap-7.70\libpcap\build\pcapcent.dir\debug\pcap.obj
d:\a\sourcecode\aurora\selenasoft\nmap-7.70\libpcap\build\pcapcent.dir\debug\pcap-common.obj
d:\a\sourcecode\aurora\selenasoft\nmap-7.70\libpcap\build\pcapcent.dir\debug\optimize.obj
d:\a\sourcecode\aurora\selenasoft\nmap-7.70\libpcap\build\pcapcent.dir\debug\nametoaddr.obj
d:\a\sourcecode\aurora\selenasoft\nmap-7.70\libpcap\build\pcapcent.dir\debug\gencode.obj
d:\a\sourcecode\aurora\selenasoft\nmap-7.70\libpcap\build\pcapcent.dir\debug\fmtutils.obj
d:\a\sourcecode\aurora\selenasoft\nmap-7.70\libpcap\build\pcapcent.dir\debug\etherent.obj
d:\a\sourcecode\aurora\selenasoft\nmap-7.70\libpcap\build\pcapcent.dir\debug\bpf_image.obj
d:\a\sourcecode\aurora\selenasoft\nmap-7.70\libpcap\build\pcapcent.dir\debug\bpf_filter.obj
d:\a\sourcecode\aurora\selenasoft\nmap-7.70\libpcap\build\pcapcent.dir\debug\bpf_dump.obj
d:\a\sourcecode\aurora\selenasoft\nmap-7.70\libpcap\build\cmakefiles\generate.stamp
d:\a\sourcecode\aurora\selenasoft\nmap-7.70\libpcap\build\run\debug\pcapcent.ilk
d:\a\sourcecode\aurora\selenasoft\nmap-7.70\libpcap\build\run\debug\pcapcent.dll
d:\a\sourcecode\aurora\selenasoft\nmap-7.70\libpcap\build\run\debug\pcapcent.pdb
d:\a\sourcecode\aurora\selenasoft\nmap-7.70\libpcap\build\pcapcent.dir\debug\pcap-dll.res
d:\a\sourcecode\aurora\selenasoft\nmap-7.70\libpcap\build\pcapcent.dir\debug\pcapcent.tlog\cl.command.1.tlog
d:\a\sourcecode\aurora\selenasoft\nmap-7.70\libpcap\build\pcapcent.dir\debug\pcapcent.tlog\cl.read.1.tlog
d:\a\sourcecode\aurora\selenasoft\nmap-7.70\libpcap\build\pcapcent.dir\debug\pcapcent.tlog\cl.write.1.tlog
d:\a\sourcecode\aurora\selenasoft\nmap-7.70\libpcap\build\pcapcent.dir\debug\pcapcent.tlog\custombuild.command.1.tlog
d:\a\sourcecode\aurora\selenasoft\nmap-7.70\libpcap\build\pcapcent.dir\debug\pcapcent.tlog\custombuild.read.1.tlog
d:\a\sourcecode\aurora\selenasoft\nmap-7.70\libpcap\build\pcapcent.dir\debug\pcapcent.tlog\custombuild.write.1.tlog
d:\a\sourcecode\aurora\selenasoft\nmap-7.70\libpcap\build\pcapcent.dir\debug\pcapcent.tlog\link.command.1.tlog
d:\a\sourcecode\aurora\selenasoft\nmap-7.70\libpcap\build\pcapcent.dir\debug\pcapcent.tlog\link.read.1.tlog
d:\a\sourcecode\aurora\selenasoft\nmap-7.70\libpcap\build\pcapcent.dir\debug\pcapcent.tlog\link.write.1.tlog
d:\a\sourcecode\aurora\selenasoft\nmap-7.70\libpcap\build\pcapcent.dir\debug\pcapcent.tlog\rc.command.1.tlog
d:\a\sourcecode\aurora\selenasoft\nmap-7.70\libpcap\build\pcapcent.dir\debug\pcapcent.tlog\rc.read.1.tlog
d:\a\sourcecode\aurora\selenasoft\nmap-7.70\libpcap\build\pcapcent.dir\debug\pcapcent.tlog\rc.write.1.tlog
